2022-08-09 11:14:36,559  INFO [TestNG-test=Test-3] SauceDemo:46 - Browser is Opened
2022-08-09 11:14:36,558  INFO [TestNG-test=Test-1] SauceDemo:46 - Browser is Opened
2022-08-09 11:14:36,557  INFO [TestNG-test=Test-2] SauceDemo:46 - Browser is Opened
2022-08-09 11:14:36,561  INFO [TestNG-test=Test-4] SauceDemo:46 - Browser is Opened
2022-08-09 11:14:36,902  INFO [TestNG-test=Test-2] SauceDemo:49 - Browser is maximize
2022-08-09 11:14:36,918  INFO [TestNG-test=Test-3] SauceDemo:49 - Browser is maximize
2022-08-09 11:14:37,047  INFO [TestNG-test=Test-1] SauceDemo:49 - Browser is maximize
2022-08-09 11:14:37,055  INFO [TestNG-test=Test-4] SauceDemo:49 - Browser is maximize
2022-08-09 11:14:41,558  INFO [TestNG-test=Test-4] SauceDemo:55 - URL is opened
2022-08-09 11:14:41,824  INFO [TestNG-test=Test-4] SauceDemo:61 - Username is Entered
2022-08-09 11:14:42,010  INFO [TestNG-test=Test-4] SauceDemo:63 - Password is Entered
2022-08-09 11:14:42,265  INFO [TestNG-test=Test-4] SauceDemo:65 - Click on Login Button
2022-08-09 11:14:43,010  INFO [TestNG-test=Test-1] SauceDemo:55 - URL is opened
2022-08-09 11:14:43,155  INFO [TestNG-test=Test-1] SauceDemo:61 - Username is Entered
2022-08-09 11:14:43,336  INFO [TestNG-test=Test-1] SauceDemo:63 - Password is Entered
2022-08-09 11:14:43,457  INFO [TestNG-test=Test-2] SauceDemo:55 - URL is opened
2022-08-09 11:14:43,720  INFO [TestNG-test=Test-1] SauceDemo:65 - Click on Login Button
2022-08-09 11:14:43,771  INFO [TestNG-test=Test-2] SauceDemo:61 - Username is Entered
2022-08-09 11:14:43,967  INFO [TestNG-test=Test-4] SauceDemo:29 - Screenshot is taken
2022-08-09 11:14:44,010  INFO [TestNG-test=Test-2] SauceDemo:63 - Password is Entered
2022-08-09 11:14:44,044  INFO [TestNG-test=Test-4] SauceDemo:34 - Applyaing Validation
2022-08-09 11:14:44,120  INFO [TestNG-test=Test-1] SauceDemo:27 - Click on Setting Button
2022-08-09 11:14:44,282  INFO [TestNG-test=Test-1] SauceDemo:29 - Click On LogOut Button
2022-08-09 11:14:44,362  INFO [TestNG-test=Test-2] SauceDemo:65 - Click on Login Button
2022-08-09 11:14:44,575  INFO [TestNG-test=Test-1] SauceDemo:32 - Screenshot is taken
2022-08-09 11:14:44,668  INFO [TestNG-test=Test-1] SauceDemo:37 - Applying the Validation
2022-08-09 11:14:44,763  INFO [TestNG-test=Test-2] SauceDemo:29 - Screenshot is taken
2022-08-09 11:14:44,803  INFO [TestNG-test=Test-2] SauceDemo:34 - Applying Validation
2022-08-09 11:14:45,329  INFO [TestNG-test=Test-1] SauceDemo:73 - Browser is Closed
2022-08-09 11:14:45,329  INFO [TestNG-test=Test-2] SauceDemo:73 - Browser is Closed
2022-08-09 11:14:45,329  INFO [TestNG-test=Test-4] SauceDemo:73 - Browser is Closed
2022-08-09 11:14:45,668  INFO [TestNG-test=Test-3] SauceDemo:55 - URL is opened
2022-08-09 11:14:45,805  INFO [TestNG-test=Test-3] SauceDemo:61 - Username is Entered
2022-08-09 11:14:45,903  INFO [TestNG-test=Test-3] SauceDemo:63 - Password is Entered
2022-08-09 11:14:46,173  INFO [TestNG-test=Test-3] SauceDemo:65 - Click on Login Button
2022-08-09 11:14:46,359  INFO [TestNG-test=Test-3] SauceDemo:27 - Screenshot is taken
2022-08-09 11:14:46,366  INFO [TestNG-test=Test-3] SauceDemo:32 - Doing Validation for login functionality
2022-08-09 11:14:46,650  INFO [TestNG-test=Test-3] SauceDemo:73 - Browser is Closed
